Path not found in /media/data2/song/random120/react-native-draggable-holder
Path not found in /media/data2/song/random120/random-verse
Path not found in /media/data2/song/random120/ciffi-js-router
Path not found in /media/data2/song/random120/simple-json-cache
Path not found in /media/data2/song/random120/vuejs-range-datepickers
Path not found in /media/data2/song/random120/sequential-indexof
Path not found in /media/data2/song/random120/easy-event-source
Path not found in /media/data2/song/random120/esdoc-inject-script-plugin
Path not found in /media/data2/song/random120/downtime
Path not found in /media/data2/song/random120/update-pkg
Path not found in /media/data2/song/random120/mongo-query-engine
Path not found in /media/data2/song/random120/pctr_test
Other problems /media/data2/song/random120/ep_syntax return ['Traceback (most recent call last):\n  File "../../JSJoern/jsjoern_traverse/analyze.py", line 21, in analyze\n    results = check.check(tmp_dir, sink_funcs)\n  File "../../JSJoern/jsjoern_traverse/check.py", line 10, in check\n    os.path.normpath(path + \'/cpg_edges.csv\'))\n  File "../../JSJoern/jsjoern_traverse/graph.py", line 231, in import_from_CSV\n    with open(cpg_edges_file_name) as fp:\nFileNotFoundError: [Errno 2] No such file or directory: \'jsjoern-tmp/efa439d0-72e9-42b4-89bd-fdd38281017b/cpg_edges.csv\'\n']
Path not found in /media/data2/song/random120/ningjing-88888888
Path not found in /media/data2/song/random120/bool-chance
Other problems /media/data2/song/random120/sso-node return ['Traceback (most recent call last):\n  File "../../JSJoern/jsjoern_traverse/analyze.py", line 21, in analyze\n    results = check.check(tmp_dir, sink_funcs)\n  File "../../JSJoern/jsjoern_traverse/check.py", line 12, in check\n    mark_input_func(g)\n  File "../../JSJoern/jsjoern_traverse/check.py", line 86, in mark_input_func\n    traversal(g, start_node, 0, lambda node: find_exports_1(g, node))\n  File "../../JSJoern/jsjoern_traverse/check.py", line 102, in traversal\n    monitor(node)\n  File "../../JSJoern/jsjoern_traverse/check.py", line 86, in <lambda>\n    traversal(g, start_node, 0, lambda node: find_exports_1(g, node))\n  File "../../JSJoern/jsjoern_traverse/check.py", line 23, in find_exports_1\n    if g.get_node_attr(node).get(\'type\') == \'AST_ASSIGN\':\n  File "../../JSJoern/jsjoern_traverse/graph.py", line 49, in get_node_attr\n    return self.graph.nodes[node_id]\n  File "/home/lsong18/.local/lib/python3.7/site-packages/networkx/classes/reportviews.py", line 178, in __getitem__\n    return self._nodes[n]\nKeyError: \'0\'\n']
Path not found in /media/data2/song/random120/jiyr-1-1-1
Path not found in /media/data2/song/random120/vuex-odm
Path not found in /media/data2/song/random120/dc3-eth-abi
Path not found in /media/data2/song/random120/semver-bounded
Path not found in /media/data2/song/random120/coseva-parser
Path not found in /media/data2/song/random120/cap-google-maps
Path not found in /media/data2/song/random120/dist.min.js
Path not found in /media/data2/song/random120/lambda-env-vars
Path not found in /media/data2/song/random120/hwanyang
Path not found in /media/data2/song/random120/wc-starterkit
Path not found in /media/data2/song/random120/quture-database
/media/data2/song/random120/js-react-layouts takes more than 30.0 seconds
Path not found in /media/data2/song/random120/play-app-frontend-library
Other problems /media/data2/song/random120/yuvarajsha return ['Traceback (most recent call last):\n  File "../../JSJoern/jsjoern_traverse/analyze.py", line 21, in analyze\n    results = check.check(tmp_dir, sink_funcs)\n  File "../../JSJoern/jsjoern_traverse/check.py", line 12, in check\n    mark_input_func(g)\n  File "../../JSJoern/jsjoern_traverse/check.py", line 86, in mark_input_func\n    traversal(g, start_node, 0, lambda node: find_exports_1(g, node))\n  File "../../JSJoern/jsjoern_traverse/check.py", line 102, in traversal\n    monitor(node)\n  File "../../JSJoern/jsjoern_traverse/check.py", line 86, in <lambda>\n    traversal(g, start_node, 0, lambda node: find_exports_1(g, node))\n  File "../../JSJoern/jsjoern_traverse/check.py", line 23, in find_exports_1\n    if g.get_node_attr(node).get(\'type\') == \'AST_ASSIGN\':\n  File "../../JSJoern/jsjoern_traverse/graph.py", line 49, in get_node_attr\n    return self.graph.nodes[node_id]\n  File "/home/lsong18/.local/lib/python3.7/site-packages/networkx/classes/reportviews.py", line 178, in __getitem__\n    return self._nodes[n]\nKeyError: \'0\'\n']
Path not found in /media/data2/song/random120/mathcalfun
Path not found in /media/data2/song/random120/fetch-headers-pojo
Path not found in /media/data2/song/random120/csv-pkg
Path not found in /media/data2/song/random120/tts001
Path not found in /media/data2/song/random120/gitbook-plugin-addprefix
Path not found in /media/data2/song/random120/postcss-unit-converter
Path not found in /media/data2/song/random120/font-booster-fixer
Path not found in /media/data2/song/random120/modal-dialog-rc
Path not found in /media/data2/song/random120/javascript-libraries
Path not found in /media/data2/song/random120/gendiff-emk
Path not found in /media/data2/song/random120/analytical-engine
Path not found in /media/data2/song/random120/simple-seolint
Path not found in /media/data2/song/random120/duo-yaml
Path not found in /media/data2/song/random120/restore-devtools
/media/data2/song/random120/jspm-types takes more than 30.0 seconds
Path not found in /media/data2/song/random120/beautify-context
Path not found in /media/data2/song/random120/toki
Path not found in /media/data2/song/random120/react-emit
Other problems /media/data2/song/random120/vectis-server return ['Traceback (most recent call last):\n  File "../../JSJoern/jsjoern_traverse/analyze.py", line 21, in analyze\n    results = check.check(tmp_dir, sink_funcs)\n  File "../../JSJoern/jsjoern_traverse/check.py", line 12, in check\n    mark_input_func(g)\n  File "../../JSJoern/jsjoern_traverse/check.py", line 86, in mark_input_func\n    traversal(g, start_node, 0, lambda node: find_exports_1(g, node))\n  File "../../JSJoern/jsjoern_traverse/check.py", line 102, in traversal\n    monitor(node)\n  File "../../JSJoern/jsjoern_traverse/check.py", line 86, in <lambda>\n    traversal(g, start_node, 0, lambda node: find_exports_1(g, node))\n  File "../../JSJoern/jsjoern_traverse/check.py", line 23, in find_exports_1\n    if g.get_node_attr(node).get(\'type\') == \'AST_ASSIGN\':\n  File "../../JSJoern/jsjoern_traverse/graph.py", line 49, in get_node_attr\n    return self.graph.nodes[node_id]\n  File "/home/lsong18/.local/lib/python3.7/site-packages/networkx/classes/reportviews.py", line 178, in __getitem__\n    return self._nodes[n]\nKeyError: \'0\'\n']
Path not found in /media/data2/song/random120/jimo
Path not found in /media/data2/song/random120/custom-css-loader
Path not found in /media/data2/song/random120/my-middleware-bull
Path not found in /media/data2/song/random120/summernote-ext-github-emojis
Path not found in /media/data2/song/random120/tinytim
Path not found in /media/data2/song/random120/tools-tobog
Path not found in /media/data2/song/random120/ucdbiadv-floatingbutton
Path not found in /media/data2/song/random120/redis-datastore
Path not found in /media/data2/song/random120/lodash.spread
/media/data2/song/random120/informary takes more than 30.0 seconds
Path not found in /media/data2/song/random120/fswatchr
Path not found in /media/data2/song/random120/tachyons-modules
Path not found in /media/data2/song/random120/qwuery
Path not found in /media/data2/song/random120/sf-placeholder
Path not found in /media/data2/song/random120/little-storage
Path not found in /media/data2/song/random120/assert-element
/media/data2/song/random120/sp-treeview-v2 takes more than 30.0 seconds
Path not found in /media/data2/song/random120/lalalogs
/media/data2/song/random120/mirai-traceur takes more than 30.0 seconds
Path not found in /media/data2/song/random120/gulp-group-css-media-queries
Path not found in /media/data2/song/random120/aihvi.filer
Path not found in /media/data2/song/random120/tag-truthy
Path not found in /media/data2/song/random120/r2form
Path not found in /media/data2/song/random120/flux-capacitor
Path not found in /media/data2/song/random120/purrge
Path not found in /media/data2/song/random120/babel-plugin-array-includes
Path not found in /media/data2/song/random120/own-test-pack
Path not found in /media/data2/song/random120/usbtinyisp
Path not found in /media/data2/song/random120/brave-node-notifier
Path not found in /media/data2/song/random120/smartcat-api
Other problems /media/data2/song/random120/nuipack return ['Traceback (most recent call last):\n  File "../../JSJoern/jsjoern_traverse/analyze.py", line 21, in analyze\n    results = check.check(tmp_dir, sink_funcs)\n  File "../../JSJoern/jsjoern_traverse/check.py", line 12, in check\n    mark_input_func(g)\n  File "../../JSJoern/jsjoern_traverse/check.py", line 86, in mark_input_func\n    traversal(g, start_node, 0, lambda node: find_exports_1(g, node))\n  File "../../JSJoern/jsjoern_traverse/check.py", line 102, in traversal\n    monitor(node)\n  File "../../JSJoern/jsjoern_traverse/check.py", line 86, in <lambda>\n    traversal(g, start_node, 0, lambda node: find_exports_1(g, node))\n  File "../../JSJoern/jsjoern_traverse/check.py", line 23, in find_exports_1\n    if g.get_node_attr(node).get(\'type\') == \'AST_ASSIGN\':\n  File "../../JSJoern/jsjoern_traverse/graph.py", line 49, in get_node_attr\n    return self.graph.nodes[node_id]\n  File "/home/lsong18/.local/lib/python3.7/site-packages/networkx/classes/reportviews.py", line 178, in __getitem__\n    return self._nodes[n]\nKeyError: \'0\'\n']
Path not found in /media/data2/song/random120/github-vcard
Path not found in /media/data2/song/random120/canvas-valueovertimegraph
Path not found in /media/data2/song/random120/mayako-wex
Path not found in /media/data2/song/random120/ado-bind9
Path not found in /media/data2/song/random120/node-rmq
Path not found in /media/data2/song/random120/react-native-ptr-control
Path not found in /media/data2/song/random120/sapphire-rpc
Path not found in /media/data2/song/random120/testdir10
Path not found in /media/data2/song/random120/augustine
/media/data2/song/random120/aframe-randomizer-components takes more than 30.0 seconds
Path not found in /media/data2/song/random120/fetch-nice-package
Path not found in /media/data2/song/random120/custom-router-template
Path not found in /media/data2/song/random120/conventional-changelog-lint-config-lerna-scopes
/media/data2/song/random120/jokismo_engine_fork takes more than 30.0 seconds
/media/data2/song/random120/sd-cropper takes more than 30.0 seconds
/media/data2/song/random120/flexcss takes more than 30.0 seconds
Path not found in /media/data2/song/random120/inceptum-mongoose
Path not found in /media/data2/song/random120/mdurl
Path not found in /media/data2/song/random120/femljr-npm-test
Path not found in /media/data2/song/random120/jss-cli
Path not found in /media/data2/song/random120/ember-formtastic
Path not found in /media/data2/song/random120/atualiza
Path not found in /media/data2/song/random120/tesgrayfox
Path not found in /media/data2/song/random120/react-native-cryptr
Path not found in /media/data2/song/random120/generator-skatejs
Path not found in /media/data2/song/random120/cc-search-library
Path not found in /media/data2/song/random120/xdiff
Path not found in /media/data2/song/random120/lodown-jessicacluney
Path not found in /media/data2/song/random120/bezos
Path not found in /media/data2/song/random120/org.ekstep.rendererinterface
Path not found in /media/data2/song/random120/aframe-arrow-component
Path not found in /media/data2/song/random120/git-watch
Path not found in /media/data2/song/random120/react-navigation-webview
Path not found in /media/data2/song/random120/sw-client
