Cannot find function object node!
Cannot find function object node!
Cannot find function object node!
Cannot find function object node!
220 trying to require unknown package.
Function call error: Name node not found for None!
No definition found for function None
Error: try to new Python function 2647 <function regexp_constructor at 0x7fd913cb8e60>...
Error: try to new Python function 2647 <function regexp_constructor at 0x7fd913cb8e60>...
Error: try to new Python function 2647 <function regexp_constructor at 0x7fd913cb8e60>...
Error: try to new Python function 2647 <function regexp_constructor at 0x7fd913cb8e60>...
Error: try to new Python function 12760 <function array_constructor at 0x7f1623311170>...
Error: try to new Python function 12760 <function array_constructor at 0x7f1623311170>...
Error: try to new Python function 12760 <function array_constructor at 0x7f1623311170>...
Error: try to new Python function 2647 <function regexp_constructor at 0x7f3120d25e60>...
Error: try to new Python function 2647 <function regexp_constructor at 0x7f3120d25e60>...
Error: try to new Python function 2647 <function regexp_constructor at 0x7f3120d25e60>...
Error: try to new Python function 12760 <function array_constructor at 0x7f6dd2460170>...
Error: try to new Python function 12760 <function array_constructor at 0x7f6dd2460170>...
Error: try to new Python function 12760 <function array_constructor at 0x7f6dd2460170>...
Error: try to new Python function 2647 <function regexp_constructor at 0x7f3120d25e60>...
Function call error: Name node not found for stringifyNode.*!
No definition found for function stringifyNode.*
Error: try to new Python function 2647 <function regexp_constructor at 0x7f082eb25e60>...
Function call error: Name node not found for stringifyNode.*!
No definition found for function stringifyNode.*
Error: try to new Python function 4403 <function regexp_constructor at 0x7fce02f0ae60>...
Error: try to new Python function 4403 <function regexp_constructor at 0x7f68194b1e60>...
Error: try to new Python function 8457 <function this_returning_func at 0x7f37bcea49e0>...
Error: try to new Python function 8457 <function this_returning_func at 0x7f37bcea49e0>...
Error: try to new Python function 8457 <function this_returning_func at 0x7f37bcea49e0>...
Error: try to new Python function 8457 <function this_returning_func at 0x7f37bcea49e0>...
Required module ./formatters.js at /media/data2/song/random120/dc3-eth-abi/src/formatters.js not found!
Required module redis at /media/data2/song/random120/node-rmq/lib/redis.js not found!
Error: try to new Python function 1373 <function this_returning_func at 0x7f16233119e0>...
Error: try to new Python function 1373 <function this_returning_func at 0x7f16233119e0>...
Required module ./formatters.js at /media/data2/song/random120/dc3-eth-abi/src/formatters.js not found!
Error: try to new Python function 1373 <function this_returning_func at 0x7f16233119e0>...
Error: try to new Python function 1373 <function this_returning_func at 0x7f16233119e0>...
Error: try to new Python function 1373 <function this_returning_func at 0x7f16233119e0>...
Required module ./formatters.js at /media/data2/song/random120/dc3-eth-abi/src/formatters.js not found!
Error: try to new Python function 1373 <function this_returning_func at 0x7f16233119e0>...
Error: try to new Python function 1373 <function this_returning_func at 0x7f16233119e0>...
Error: try to new Python function 1373 <function this_returning_func at 0x7f16233119e0>...
Error: try to new Python function 1373 <function this_returning_func at 0x7f16233119e0>...
Error: try to new Python function 1373 <function this_returning_func at 0x7f16233119e0>...
Error: try to new Python function 1373 <function this_returning_func at 0x7f16233119e0>...
Error: try to new Python function 1373 <function this_returning_func at 0x7f16233119e0>...
Required module redis at /media/data2/song/random120/node-rmq/lib/redis.js not found!
Error: try to new Python function 1373 <function this_returning_func at 0x7faf821a79e0>...
Error: try to new Python function 1373 <function this_returning_func at 0x7faf821a79e0>...
Required module redis at /media/data2/song/random120/node-rmq/lib/redis.js not found!
Error: try to new Python function 1373 <function this_returning_func at 0x7f6dd24609e0>...
Error: try to new Python function 1373 <function this_returning_func at 0x7f6dd24609e0>...
Error: try to new Python function 1373 <function this_returning_func at 0x7faf821a79e0>...
Error: try to new Python function 1373 <function this_returning_func at 0x7faf821a79e0>...
Error: try to new Python function 1373 <function this_returning_func at 0x7faf821a79e0>...
Error: try to new Python function 1373 <function this_returning_func at 0x7faf821a79e0>...
Error: try to new Python function 1373 <function this_returning_func at 0x7faf821a79e0>...
Error: try to new Python function 1373 <function this_returning_func at 0x7f6dd24609e0>...
Error: try to new Python function 1373 <function this_returning_func at 0x7f6dd24609e0>...
Error: try to new Python function 1373 <function this_returning_func at 0x7f6dd24609e0>...
Error: try to new Python function 1373 <function this_returning_func at 0x7f6dd24609e0>...
Error: try to new Python function 1373 <function this_returning_func at 0x7faf821a79e0>...
Error: try to new Python function 1373 <function this_returning_func at 0x7f6dd24609e0>...
Error: try to new Python function 1373 <function this_returning_func at 0x7f6dd24609e0>...
Error: try to new Python function 1373 <function this_returning_func at 0x7f6dd24609e0>...
Error: try to new Python function 1373 <function this_returning_func at 0x7f6dd24609e0>...
Error: try to new Python function 1373 <function this_returning_func at 0x7f6dd24609e0>...
Error: try to new Python function 1373 <function this_returning_func at 0x7f6dd24609e0>...
Error: try to new Python function 1373 <function this_returning_func at 0x7faf821a79e0>...
Error: try to new Python function 1373 <function this_returning_func at 0x7faf821a79e0>...
Error: try to new Python function 1373 <function this_returning_func at 0x7faf821a79e0>...
Error: try to new Python function 1373 <function this_returning_func at 0x7faf821a79e0>...
Error: try to new Python function 8457 <function this_returning_func at 0x7f2b6262a9e0>...
Error: try to new Python function 8457 <function this_returning_func at 0x7f2b6262a9e0>...
Error: try to new Python function 8457 <function this_returning_func at 0x7f2b6262a9e0>...
Error: try to new Python function 8457 <function this_returning_func at 0x7f2b6262a9e0>...
Function call error: Name node not found for stringifyNode.*!
No definition found for function stringifyNode.*
Cannot find function object node!
Cannot find function object node!
Cannot find function object node!
Cannot find function object node!
Cannot find function object node!
Function call error: Name node not found for None!
No definition found for function None
Error: try to new Python function 4403 <function regexp_constructor at 0x7f90f4184e60>...
Cannot find function object node!
Cannot find function object node!
Cannot find function object node!
Cannot find function object node!
Cannot find function object node!
Function call error: Name node not found for None!
No definition found for function None
Function call error: Name node not found for None!
No definition found for function None
Error: try to new Python function 17275 <function this_returning_func at 0x7f8be06059e0>...
Error: try to new Python function 17275 <function this_returning_func at 0x7f8be06059e0>...
Error: try to new Python function 17275 <function this_returning_func at 0x7f8be06059e0>...
Error: try to new Python function 17275 <function this_returning_func at 0x7f8be06059e0>...
Error: try to new Python function 17275 <function this_returning_func at 0x7f8be06059e0>...
Error: try to new Python function 17275 <function this_returning_func at 0x7f8be06059e0>...
Error: try to new Python function 17275 <function this_returning_func at 0x7f8be06059e0>...
Error: try to new Python function 17275 <function this_returning_func at 0x7f8be06059e0>...
Error: try to new Python function 17275 <function this_returning_func at 0x7f8be06059e0>...
Error: try to new Python function 17275 <function this_returning_func at 0x7f1b3345f9e0>...
Error: try to new Python function 17275 <function this_returning_func at 0x7f1b3345f9e0>...
Error: try to new Python function 17275 <function this_returning_func at 0x7f1b3345f9e0>...
Error: try to new Python function 17275 <function this_returning_func at 0x7f1b3345f9e0>...
Error: try to new Python function 17275 <function this_returning_func at 0x7f1b3345f9e0>...
Error: try to new Python function 17275 <function this_returning_func at 0x7f1b3345f9e0>...
Error: try to new Python function 17275 <function this_returning_func at 0x7f1b3345f9e0>...
Error: try to new Python function 17275 <function this_returning_func at 0x7f1b3345f9e0>...
Error: try to new Python function 17275 <function this_returning_func at 0x7f1b3345f9e0>...
Function call error: Name node not found for None!
No definition found for function None
Cannot find function object node!
Cannot find function object node!
Cannot find function object node!
Cannot find function object node!
Cannot find function object node!
Function call error: Name node not found for None!
No definition found for function None
Error: try to new Python function 17275 <function this_returning_func at 0x7f8be06059e0>...
Error: try to new Python function 17275 <function this_returning_func at 0x7f8be06059e0>...
Error: try to new Python function 17275 <function this_returning_func at 0x7f8be06059e0>...
Error: try to new Python function 17275 <function this_returning_func at 0x7f8be06059e0>...
Error: try to new Python function 17275 <function this_returning_func at 0x7f8be06059e0>...
Error: try to new Python function 17275 <function this_returning_func at 0x7f8be06059e0>...
Error: try to new Python function 17275 <function this_returning_func at 0x7f8be06059e0>...
Error: try to new Python function 17275 <function this_returning_func at 0x7f8be06059e0>...
Error: try to new Python function 17275 <function this_returning_func at 0x7f1b3345f9e0>...
Error: try to new Python function 17275 <function this_returning_func at 0x7f8be06059e0>...
Error: try to new Python function 17275 <function this_returning_func at 0x7f1b3345f9e0>...
Error: try to new Python function 17275 <function this_returning_func at 0x7f8be06059e0>...
Error: try to new Python function 17275 <function this_returning_func at 0x7f1b3345f9e0>...
Error: try to new Python function 17275 <function this_returning_func at 0x7f1b3345f9e0>...
Error: try to new Python function 17275 <function this_returning_func at 0x7f1b3345f9e0>...
Error: try to new Python function 17275 <function this_returning_func at 0x7f1b3345f9e0>...
Error: try to new Python function 17275 <function this_returning_func at 0x7f1b3345f9e0>...
Error: try to new Python function 17275 <function this_returning_func at 0x7f1b3345f9e0>...
Error: try to new Python function 17275 <function this_returning_func at 0x7f1b3345f9e0>...
Error: try to new Python function 17275 <function this_returning_func at 0x7f1b3345f9e0>...
Function call error: Name node not found for None!
No definition found for function None
Function call error: Name node not found for None!
No definition found for function None
Function call error: Name node not found for None!
No definition found for function None
Function call error: Name node not found for v.substring!
No definition found for function v.substring
No definition found for function {anonymous}
No definition found for function {anonymous}
Traceback (most recent call last):
  File "../simurun/objectGraphGenerator.py", line 2154, in call_function
    ExtraInfo(extra, branches=next_branches), _this, *_args)
TypeError: object_entries() missing 1 required positional argument: 'arg'

Traceback (most recent call last):
  File "../simurun/objectGraphGenerator.py", line 2154, in call_function
    ExtraInfo(extra, branches=next_branches), _this, *_args)
TypeError: object_keys() missing 1 required positional argument: 'arg'

Traceback (most recent call last):
  File "../simurun/objectGraphGenerator.py", line 2154, in call_function
    ExtraInfo(extra, branches=next_branches), _this, *_args)
TypeError: object_values() missing 1 required positional argument: 'arg'

Function call error: Name node not found for v.substring!
No definition found for function v.substring
No definition found for function {anonymous}
No definition found for function {anonymous}
No definition found for function {anonymous}
No definition found for function {anonymous}
No definition found for function {anonymous}
No definition found for function {anonymous}
Traceback (most recent call last):
  File "../simurun/objectGraphGenerator.py", line 2154, in call_function
    ExtraInfo(extra, branches=next_branches), _this, *_args)
TypeError: object_entries() missing 1 required positional argument: 'arg'

Traceback (most recent call last):
  File "../simurun/objectGraphGenerator.py", line 2154, in call_function
    ExtraInfo(extra, branches=next_branches), _this, *_args)
TypeError: object_keys() missing 1 required positional argument: 'arg'

Function call error: Name node not found for None!
No definition found for function None
Traceback (most recent call last):
  File "../simurun/objectGraphGenerator.py", line 2154, in call_function
    ExtraInfo(extra, branches=next_branches), _this, *_args)
TypeError: object_values() missing 1 required positional argument: 'arg'

Traceback (most recent call last):
  File "../simurun/objectGraphGenerator.py", line 2154, in call_function
    ExtraInfo(extra, branches=next_branches), _this, *_args)
TypeError: object_entries() missing 1 required positional argument: 'arg'

Traceback (most recent call last):
  File "../simurun/objectGraphGenerator.py", line 2154, in call_function
    ExtraInfo(extra, branches=next_branches), _this, *_args)
TypeError: object_keys() missing 1 required positional argument: 'arg'

Traceback (most recent call last):
  File "../simurun/objectGraphGenerator.py", line 2154, in call_function
    ExtraInfo(extra, branches=next_branches), _this, *_args)
TypeError: object_values() missing 1 required positional argument: 'arg'

Function call error: Name node not found for None!
No definition found for function None
Traceback (most recent call last):
  File "../simurun/objectGraphGenerator.py", line 2154, in call_function
    ExtraInfo(extra, branches=next_branches), _this, *_args)
TypeError: object_values() missing 1 required positional argument: 'arg'

Traceback (most recent call last):
  File "../simurun/objectGraphGenerator.py", line 2154, in call_function
    ExtraInfo(extra, branches=next_branches), _this, *_args)
TypeError: array_constructor() missing 1 required positional argument: 'length'

Traceback (most recent call last):
  File "../simurun/objectGraphGenerator.py", line 2154, in call_function
    ExtraInfo(extra, branches=next_branches), _this, *_args)
TypeError: object_keys() missing 1 required positional argument: 'arg'

Traceback (most recent call last):
  File "../simurun/objectGraphGenerator.py", line 2154, in call_function
    ExtraInfo(extra, branches=next_branches), _this, *_args)
TypeError: object_entries() missing 1 required positional argument: 'arg'

